<?xml version='1.0' encoding='UTF-8' ?>
<testsuite name="com.example.android.scorekeeper.dayAndNightModeTest" tests="1" failures="0" errors="0" skipped="0" time="22.398" timestamp="2022-05-10T10:16:37" hostname="localhost">
  <properties>
    <property name="device" value="Nexus_5_API_30(AVD) - 11" />
    <property name="flavor" value="" />
    <property name="project" value="app" />
  </properties>
  <testcase name="dayAndNightModeTest" classname="com.example.android.scorekeeper.dayAndNightModeTest" time="19.031" />
</testsuite>